<?xml version="1.0" encoding="UTF-8"?>
<!-- Generated by org.testng.reporters.JUnitReportReporter -->
<testsuite skipped="0" hostname="ACER-ISHUWARA" name="com.swaglabs.testcases.LoginTestCRM" tests="1" failures="0" timestamp="2023-03-09T20:11:35 GST" time="3.645" errors="0">
  <testcase name="loginToApplication" time="3.645" classname="com.swaglabs.testcases.LoginTestCRM"/>
  <system-out/>
</testsuite> <!-- com.swaglabs.testcases.LoginTestCRM -->
