<?xml version="1.0" encoding="UTF-8"?>
<!-- Generated by org.testng.reporters.JUnitReportReporter -->
<testsuite hostname="ACER-ISHUWARA" failures="0" tests="1" name="com.swaglabs.testcases.LoginTestCRM" time="3.601" errors="0" timestamp="2023-03-06T12:48:18 GST" skipped="0">
  <testcase classname="com.swaglabs.testcases.LoginTestCRM" name="loginToApplication" time="3.601"/>
  <system-out/>
</testsuite> <!-- com.swaglabs.testcases.LoginTestCRM -->
