<?xml version="1.0" encoding="UTF-8"?>
<!-- Generated by org.testng.reporters.JUnitReportReporter -->
<testsuite hostname="ACER-ISHUWARA" failures="0" tests="1" name="com.swaglabs.testcases.LoginTestCRM" time="2.910" errors="0" timestamp="2023-02-26T00:35:09 GST" skipped="0">
  <testcase classname="com.swaglabs.testcases.LoginTestCRM" name="loginToApplication" time="2.910"/>
  <system-out/>
</testsuite> <!-- com.swaglabs.testcases.LoginTestCRM -->
