<?xml version="1.0" encoding="UTF-8"?>
<!-- Generated by org.testng.reporters.JUnitReportReporter -->
<testsuite skipped="0" hostname="ACER-ISHUWARA" name="com.swaglabs.testcases.LoginTestCRM" tests="1" failures="0" timestamp="2023-03-08T13:25:22 GST" time="6.285" errors="0">
  <testcase name="loginToApplication" time="6.285" classname="com.swaglabs.testcases.LoginTestCRM"/>
  <system-out/>
</testsuite> <!-- com.swaglabs.testcases.LoginTestCRM -->
