<?xml version="1.0" encoding="UTF-8"?>
<!-- Generated by org.testng.reporters.JUnitReportReporter -->
<testsuite hostname="ACER-ISHUWARA" failures="0" tests="1" name="com.swaglabs.testcases.LoginTestCRM" time="8.843" errors="0" timestamp="2023-02-24T23:44:55 GST" skipped="0">
  <testcase classname="com.swaglabs.testcases.LoginTestCRM" name="loginToApplication" time="8.843"/>
  <system-out/>
</testsuite> <!-- com.swaglabs.testcases.LoginTestCRM -->
